<?xml version="1.0" encoding="UTF-8"?>
<testsuite xmlns:xsi="http://www.w3.org/2001/XMLSchema-instance" xsi:noNamespaceSchemaLocation="https://maven.apache.org/surefire/maven-surefire-plugin/xsd/surefire-test-report-3.0.xsd" version="3.0" name="com.Kafka.Kafka.KafkaApplicationTests" time="8.607" tests="1" errors="0" skipped="0" failures="0">
  <properties>
    <property name="java.specification.version" value="17"/>
    <property name="sun.cpu.isalist" value="amd64"/>
    <property name="sun.jnu.encoding" value="Cp1252"/>
    <property name="java.class.path" value="C:\Users\devwork\Documents\shop\kafka\kafka-java-demo\target\test-classes;C:\Users\devwork\Documents\shop\kafka\kafka-java-demo\target\classes;C:\R\org\springframework\boot\spring-boot-starter-web\3.2.4\spring-boot-starter-web-3.2.4.jar;C:\R\org\springframework\boot\spring-boot-starter\3.2.4\spring-boot-starter-3.2.4.jar;C:\R\org\springframework\boot\spring-boot\3.2.4\spring-boot-3.2.4.jar;C:\R\org\springframework\boot\spring-boot-autoconfigure\3.2.4\spring-boot-autoconfigure-3.2.4.jar;C:\R\org\springframework\boot\spring-boot-starter-logging\3.2.4\spring-boot-starter-logging-3.2.4.jar;C:\R\org\apache\logging\log4j\log4j-to-slf4j\2.21.1\log4j-to-slf4j-2.21.1.jar;C:\R\org\apache\logging\log4j\log4j-api\2.21.1\log4j-api-2.21.1.jar;C:\R\org\slf4j\jul-to-slf4j\2.0.12\jul-to-slf4j-2.0.12.jar;C:\R\jakarta\annotation\jakarta.annotation-api\2.1.1\jakarta.annotation-api-2.1.1.jar;C:\R\org\yaml\snakeyaml\2.2\snakeyaml-2.2.jar;C:\R\org\springframework\boot\spring-boot-starter-json\3.2.4\spring-boot-starter-json-3.2.4.jar;C:\R\com\fasterxml\jackson\datatype\jackson-datatype-jdk8\2.15.4\jackson-datatype-jdk8-2.15.4.jar;C:\R\com\fasterxml\jackson\datatype\jackson-datatype-jsr310\2.15.4\jackson-datatype-jsr310-2.15.4.jar;C:\R\com\fasterxml\jackson\module\jackson-module-parameter-names\2.15.4\jackson-module-parameter-names-2.15.4.jar;C:\R\org\springframework\boot\spring-boot-starter-tomcat\3.2.4\spring-boot-starter-tomcat-3.2.4.jar;C:\R\org\apache\tomcat\embed\tomcat-embed-core\10.1.19\tomcat-embed-core-10.1.19.jar;C:\R\org\apache\tomcat\embed\tomcat-embed-el\10.1.19\tomcat-embed-el-10.1.19.jar;C:\R\org\apache\tomcat\embed\tomcat-embed-websocket\10.1.19\tomcat-embed-websocket-10.1.19.jar;C:\R\org\springframework\spring-web\6.1.5\spring-web-6.1.5.jar;C:\R\org\springframework\spring-beans\6.1.5\spring-beans-6.1.5.jar;C:\R\org\springframework\spring-webmvc\6.1.5\spring-webmvc-6.1.5.jar;C:\R\org\springframework\spring-aop\6.1.5\spring-aop-6.1.5.jar;C:\R\org\springframework\spring-expression\6.1.5\spring-expression-6.1.5.jar;C:\R\org\apache\kafka\kafka-clients\3.0.0\kafka-clients-3.0.0.jar;C:\R\com\github\luben\zstd-jni\1.5.0-2\zstd-jni-1.5.0-2.jar;C:\R\org\lz4\lz4-java\1.7.1\lz4-java-1.7.1.jar;C:\R\org\xerial\snappy\snappy-java\1.1.8.1\snappy-java-1.1.8.1.jar;C:\R\org\slf4j\slf4j-api\2.0.12\slf4j-api-2.0.12.jar;C:\R\org\apache\kafka\kafka-streams\3.6.1\kafka-streams-3.6.1.jar;C:\R\org\rocksdb\rocksdbjni\7.9.2\rocksdbjni-7.9.2.jar;C:\R\com\fasterxml\jackson\core\jackson-annotations\2.15.4\jackson-annotations-2.15.4.jar;C:\R\com\fasterxml\jackson\core\jackson-databind\2.15.4\jackson-databind-2.15.4.jar;C:\R\com\fasterxml\jackson\core\jackson-core\2.15.4\jackson-core-2.15.4.jar;C:\R\org\springframework\kafka\spring-kafka\3.1.3\spring-kafka-3.1.3.jar;C:\R\org\springframework\spring-context\6.1.5\spring-context-6.1.5.jar;C:\R\org\springframework\spring-messaging\6.1.5\spring-messaging-6.1.5.jar;C:\R\org\springframework\spring-tx\6.1.5\spring-tx-6.1.5.jar;C:\R\org\springframework\retry\spring-retry\2.0.5\spring-retry-2.0.5.jar;C:\R\io\micrometer\micrometer-observation\1.12.4\micrometer-observation-1.12.4.jar;C:\R\io\micrometer\micrometer-commons\1.12.4\micrometer-commons-1.12.4.jar;C:\R\com\google\code\findbugs\jsr305\3.0.2\jsr305-3.0.2.jar;C:\R\io\confluent\kafka-avro-serializer\7.0.1\kafka-avro-serializer-7.0.1.jar;C:\R\org\apache\avro\avro\1.10.1\avro-1.10.1.jar;C:\R\org\apache\commons\commons-compress\1.21\commons-compress-1.21.jar;C:\R\io\confluent\kafka-schema-serializer\7.0.1\kafka-schema-serializer-7.0.1.jar;C:\R\io\confluent\kafka-schema-registry-client\7.0.1\kafka-schema-registry-client-7.0.1.jar;C:\R\io\swagger\swagger-annotations\1.6.2\swagger-annotations-1.6.2.jar;C:\R\io\swagger\swagger-core\1.6.2\swagger-core-1.6.2.jar;C:\R\org\apache\commons\commons-lang3\3.13.0\commons-lang3-3.13.0.jar;C:\R\com\fasterxml\jackson\dataformat\jackson-dataformat-yaml\2.15.4\jackson-dataformat-yaml-2.15.4.jar;C:\R\io\swagger\swagger-models\1.6.2\swagger-models-1.6.2.jar;C:\R\com\google\guava\guava\30.1.1-jre\guava-30.1.1-jre.jar;C:\R\com\google\guava\failureaccess\1.0.1\failureaccess-1.0.1.jar;C:\R\com\google\guava\listenablefuture\9999.0-empty-to-avoid-conflict-with-guava\listenablefuture-9999.0-empty-to-avoid-conflict-with-guava.jar;C:\R\org\checkerframework\checker-qual\3.8.0\checker-qual-3.8.0.jar;C:\R\com\google\errorprone\error_prone_annotations\2.5.1\error_prone_annotations-2.5.1.jar;C:\R\com\google\j2objc\j2objc-annotations\1.3\j2objc-annotations-1.3.jar;C:\R\io\confluent\common-utils\7.0.1\common-utils-7.0.1.jar;C:\R\org\springframework\boot\spring-boot-starter-test\3.2.4\spring-boot-starter-test-3.2.4.jar;C:\R\org\springframework\boot\spring-boot-test\3.2.4\spring-boot-test-3.2.4.jar;C:\R\org\springframework\boot\spring-boot-test-autoconfigure\3.2.4\spring-boot-test-autoconfigure-3.2.4.jar;C:\R\com\jayway\jsonpath\json-path\2.9.0\json-path-2.9.0.jar;C:\R\jakarta\xml\bind\jakarta.xml.bind-api\4.0.2\jakarta.xml.bind-api-4.0.2.jar;C:\R\jakarta\activation\jakarta.activation-api\2.1.3\jakarta.activation-api-2.1.3.jar;C:\R\net\minidev\json-smart\2.5.0\json-smart-2.5.0.jar;C:\R\net\minidev\accessors-smart\2.5.0\accessors-smart-2.5.0.jar;C:\R\org\ow2\asm\asm\9.3\asm-9.3.jar;C:\R\org\assertj\assertj-core\3.24.2\assertj-core-3.24.2.jar;C:\R\net\bytebuddy\byte-buddy\1.14.12\byte-buddy-1.14.12.jar;C:\R\org\awaitility\awaitility\4.2.0\awaitility-4.2.0.jar;C:\R\org\hamcrest\hamcrest\2.2\hamcrest-2.2.jar;C:\R\org\junit\jupiter\junit-jupiter\5.10.2\junit-jupiter-5.10.2.jar;C:\R\org\junit\jupiter\junit-jupiter-params\5.10.2\junit-jupiter-params-5.10.2.jar;C:\R\org\junit\jupiter\junit-jupiter-engine\5.10.2\junit-jupiter-engine-5.10.2.jar;C:\R\org\mockito\mockito-core\5.7.0\mockito-core-5.7.0.jar;C:\R\net\bytebuddy\byte-buddy-agent\1.14.12\byte-buddy-agent-1.14.12.jar;C:\R\org\objenesis\objenesis\3.3\objenesis-3.3.jar;C:\R\org\mockito\mockito-junit-jupiter\5.7.0\mockito-junit-jupiter-5.7.0.jar;C:\R\org\skyscreamer\jsonassert\1.5.1\jsonassert-1.5.1.jar;C:\R\com\vaadin\external\google\android-json\0.0.20131108.vaadin1\android-json-0.0.20131108.vaadin1.jar;C:\R\org\springframework\spring-core\6.1.5\spring-core-6.1.5.jar;C:\R\org\springframework\spring-jcl\6.1.5\spring-jcl-6.1.5.jar;C:\R\org\springframework\spring-test\6.1.5\spring-test-6.1.5.jar;C:\R\org\xmlunit\xmlunit-core\2.9.1\xmlunit-core-2.9.1.jar;C:\R\org\springframework\kafka\spring-kafka-test\3.1.3\spring-kafka-test-3.1.3.jar;C:\R\org\apache\zookeeper\zookeeper\3.8.4\zookeeper-3.8.4.jar;C:\R\org\apache\zookeeper\zookeeper-jute\3.8.4\zookeeper-jute-3.8.4.jar;C:\R\org\apache\yetus\audience-annotations\0.12.0\audience-annotations-0.12.0.jar;C:\R\io\netty\netty-handler\4.1.107.Final\netty-handler-4.1.107.Final.jar;C:\R\io\netty\netty-common\4.1.107.Final\netty-common-4.1.107.Final.jar;C:\R\io\netty\netty-resolver\4.1.107.Final\netty-resolver-4.1.107.Final.jar;C:\R\io\netty\netty-buffer\4.1.107.Final\netty-buffer-4.1.107.Final.jar;C:\R\io\netty\netty-transport\4.1.107.Final\netty-transport-4.1.107.Final.jar;C:\R\io\netty\netty-transport-native-unix-common\4.1.107.Final\netty-transport-native-unix-common-4.1.107.Final.jar;C:\R\io\netty\netty-codec\4.1.107.Final\netty-codec-4.1.107.Final.jar;C:\R\io\netty\netty-transport-native-epoll\4.1.107.Final\netty-transport-native-epoll-4.1.107.Final.jar;C:\R\io\netty\netty-transport-classes-epoll\4.1.107.Final\netty-transport-classes-epoll-4.1.107.Final.jar;C:\R\ch\qos\logback\logback-core\1.4.14\logback-core-1.4.14.jar;C:\R\ch\qos\logback\logback-classic\1.4.14\logback-classic-1.4.14.jar;C:\R\commons-io\commons-io\2.11.0\commons-io-2.11.0.jar;C:\R\org\apache\kafka\kafka-clients\3.6.1\kafka-clients-3.6.1-test.jar;C:\R\org\apache\kafka\kafka-metadata\3.6.1\kafka-metadata-3.6.1.jar;C:\R\org\apache\kafka\kafka-raft\3.6.1\kafka-raft-3.6.1.jar;C:\R\com\yammer\metrics\metrics-core\2.2.0\metrics-core-2.2.0.jar;C:\R\org\apache\kafka\kafka-server-common\3.6.1\kafka-server-common-3.6.1.jar;C:\R\net\sf\jopt-simple\jopt-simple\5.0.4\jopt-simple-5.0.4.jar;C:\R\org\pcollections\pcollections\4.0.1\pcollections-4.0.1.jar;C:\R\org\apache\kafka\kafka-server-common\3.6.1\kafka-server-common-3.6.1-test.jar;C:\R\org\apache\kafka\kafka-streams-test-utils\3.6.1\kafka-streams-test-utils-3.6.1.jar;C:\R\org\apache\kafka\kafka_2.13\3.6.1\kafka_2.13-3.6.1.jar;C:\R\org\scala-lang\scala-library\2.13.11\scala-library-2.13.11.jar;C:\R\org\apache\kafka\kafka-group-coordinator\3.6.1\kafka-group-coordinator-3.6.1.jar;C:\R\org\apache\kafka\kafka-storage-api\3.6.1\kafka-storage-api-3.6.1.jar;C:\R\org\apache\kafka\kafka-tools-api\3.6.1\kafka-tools-api-3.6.1.jar;C:\R\org\apache\kafka\kafka-storage\3.6.1\kafka-storage-3.6.1.jar;C:\R\com\github\ben-manes\caffeine\caffeine\3.1.8\caffeine-3.1.8.jar;C:\R\net\sourceforge\argparse4j\argparse4j\0.7.0\argparse4j-0.7.0.jar;C:\R\commons-validator\commons-validator\1.7\commons-validator-1.7.jar;C:\R\commons-beanutils\commons-beanutils\1.9.4\commons-beanutils-1.9.4.jar;C:\R\commons-digester\commons-digester\2.1\commons-digester-2.1.jar;C:\R\commons-collections\commons-collections\3.2.2\commons-collections-3.2.2.jar;C:\R\com\fasterxml\jackson\module\jackson-module-scala_2.13\2.15.4\jackson-module-scala_2.13-2.15.4.jar;C:\R\com\thoughtworks\paranamer\paranamer\2.8\paranamer-2.8.jar;C:\R\com\fasterxml\jackson\dataformat\jackson-dataformat-csv\2.15.4\jackson-dataformat-csv-2.15.4.jar;C:\R\org\bitbucket\b_c\jose4j\0.9.3\jose4j-0.9.3.jar;C:\R\org\scala-lang\modules\scala-collection-compat_2.13\2.10.0\scala-collection-compat_2.13-2.10.0.jar;C:\R\org\scala-lang\modules\scala-java8-compat_2.13\1.0.2\scala-java8-compat_2.13-1.0.2.jar;C:\R\org\scala-lang\scala-reflect\2.13.11\scala-reflect-2.13.11.jar;C:\R\com\typesafe\scala-logging\scala-logging_2.13\3.9.4\scala-logging_2.13-3.9.4.jar;C:\R\io\dropwizard\metrics\metrics-core\4.2.25\metrics-core-4.2.25.jar;C:\R\commons-cli\commons-cli\1.4\commons-cli-1.4.jar;C:\R\org\apache\kafka\kafka_2.13\3.6.1\kafka_2.13-3.6.1-test.jar;C:\R\org\junit\jupiter\junit-jupiter-api\5.10.2\junit-jupiter-api-5.10.2.jar;C:\R\org\opentest4j\opentest4j\1.3.0\opentest4j-1.3.0.jar;C:\R\org\junit\platform\junit-platform-commons\1.10.2\junit-platform-commons-1.10.2.jar;C:\R\org\apiguardian\apiguardian-api\1.1.2\apiguardian-api-1.1.2.jar;C:\R\org\junit\platform\junit-platform-launcher\1.10.2\junit-platform-launcher-1.10.2.jar;C:\R\org\junit\platform\junit-platform-engine\1.10.2\junit-platform-engine-1.10.2.jar;C:\R\org\apache\maven\plugins\maven-wrapper-plugin\3.2.0\maven-wrapper-plugin-3.2.0.jar;C:\R\org\apache\maven\shared\maven-shared-utils\3.3.4\maven-shared-utils-3.3.4.jar;C:\R\org\codehaus\plexus\plexus-archiver\4.6.2\plexus-archiver-4.6.2.jar;C:\R\javax\inject\javax.inject\1\javax.inject-1.jar;C:\R\org\codehaus\plexus\plexus-utils\3.5.0\plexus-utils-3.5.0.jar;C:\R\org\codehaus\plexus\plexus-io\3.4.1\plexus-io-3.4.1.jar;C:\R\org\iq80\snappy\snappy\0.4\snappy-0.4.jar;C:\R\org\tukaani\xz\1.9\xz-1.9.jar;"/>
    <property name="java.vm.vendor" value="Oracle Corporation"/>
    <property name="sun.arch.data.model" value="64"/>
    <property name="user.variant" value=""/>
    <property name="java.vendor.url" value="https://java.oracle.com/"/>
    <property name="user.timezone" value="Africa/Johannesburg"/>
    <property name="os.name" value="Windows 11"/>
    <property name="java.vm.specification.version" value="17"/>
    <property name="sun.java.launcher" value="SUN_STANDARD"/>
    <property name="user.country" value="ZA"/>
    <property name="sun.boot.library.path" value="C:\Program Files\Java\jdk-17\jdk-17.0.10\bin"/>
    <property name="sun.java.command" value="C:\Users\devwork\AppData\Local\Temp\surefire12156844180019913279\surefirebooter-20240328010331455_3.jar C:\Users\devwork\AppData\Local\Temp\surefire12156844180019913279 2024-03-28T01-03-31_290-jvmRun1 surefire-20240328010331455_1tmp surefire_0-20240328010331455_2tmp"/>
    <property name="jdk.debug" value="release"/>
    <property name="surefire.test.class.path" value="C:\Users\devwork\Documents\shop\kafka\kafka-java-demo\target\test-classes;C:\Users\devwork\Documents\shop\kafka\kafka-java-demo\target\classes;C:\R\org\springframework\boot\spring-boot-starter-web\3.2.4\spring-boot-starter-web-3.2.4.jar;C:\R\org\springframework\boot\spring-boot-starter\3.2.4\spring-boot-starter-3.2.4.jar;C:\R\org\springframework\boot\spring-boot\3.2.4\spring-boot-3.2.4.jar;C:\R\org\springframework\boot\spring-boot-autoconfigure\3.2.4\spring-boot-autoconfigure-3.2.4.jar;C:\R\org\springframework\boot\spring-boot-starter-logging\3.2.4\spring-boot-starter-logging-3.2.4.jar;C:\R\org\apache\logging\log4j\log4j-to-slf4j\2.21.1\log4j-to-slf4j-2.21.1.jar;C:\R\org\apache\logging\log4j\log4j-api\2.21.1\log4j-api-2.21.1.jar;C:\R\org\slf4j\jul-to-slf4j\2.0.12\jul-to-slf4j-2.0.12.jar;C:\R\jakarta\annotation\jakarta.annotation-api\2.1.1\jakarta.annotation-api-2.1.1.jar;C:\R\org\yaml\snakeyaml\2.2\snakeyaml-2.2.jar;C:\R\org\springframework\boot\spring-boot-starter-json\3.2.4\spring-boot-starter-json-3.2.4.jar;C:\R\com\fasterxml\jackson\datatype\jackson-datatype-jdk8\2.15.4\jackson-datatype-jdk8-2.15.4.jar;C:\R\com\fasterxml\jackson\datatype\jackson-datatype-jsr310\2.15.4\jackson-datatype-jsr310-2.15.4.jar;C:\R\com\fasterxml\jackson\module\jackson-module-parameter-names\2.15.4\jackson-module-parameter-names-2.15.4.jar;C:\R\org\springframework\boot\spring-boot-starter-tomcat\3.2.4\spring-boot-starter-tomcat-3.2.4.jar;C:\R\org\apache\tomcat\embed\tomcat-embed-core\10.1.19\tomcat-embed-core-10.1.19.jar;C:\R\org\apache\tomcat\embed\tomcat-embed-el\10.1.19\tomcat-embed-el-10.1.19.jar;C:\R\org\apache\tomcat\embed\tomcat-embed-websocket\10.1.19\tomcat-embed-websocket-10.1.19.jar;C:\R\org\springframework\spring-web\6.1.5\spring-web-6.1.5.jar;C:\R\org\springframework\spring-beans\6.1.5\spring-beans-6.1.5.jar;C:\R\org\springframework\spring-webmvc\6.1.5\spring-webmvc-6.1.5.jar;C:\R\org\springframework\spring-aop\6.1.5\spring-aop-6.1.5.jar;C:\R\org\springframework\spring-expression\6.1.5\spring-expression-6.1.5.jar;C:\R\org\apache\kafka\kafka-clients\3.0.0\kafka-clients-3.0.0.jar;C:\R\com\github\luben\zstd-jni\1.5.0-2\zstd-jni-1.5.0-2.jar;C:\R\org\lz4\lz4-java\1.7.1\lz4-java-1.7.1.jar;C:\R\org\xerial\snappy\snappy-java\1.1.8.1\snappy-java-1.1.8.1.jar;C:\R\org\slf4j\slf4j-api\2.0.12\slf4j-api-2.0.12.jar;C:\R\org\apache\kafka\kafka-streams\3.6.1\kafka-streams-3.6.1.jar;C:\R\org\rocksdb\rocksdbjni\7.9.2\rocksdbjni-7.9.2.jar;C:\R\com\fasterxml\jackson\core\jackson-annotations\2.15.4\jackson-annotations-2.15.4.jar;C:\R\com\fasterxml\jackson\core\jackson-databind\2.15.4\jackson-databind-2.15.4.jar;C:\R\com\fasterxml\jackson\core\jackson-core\2.15.4\jackson-core-2.15.4.jar;C:\R\org\springframework\kafka\spring-kafka\3.1.3\spring-kafka-3.1.3.jar;C:\R\org\springframework\spring-context\6.1.5\spring-context-6.1.5.jar;C:\R\org\springframework\spring-messaging\6.1.5\spring-messaging-6.1.5.jar;C:\R\org\springframework\spring-tx\6.1.5\spring-tx-6.1.5.jar;C:\R\org\springframework\retry\spring-retry\2.0.5\spring-retry-2.0.5.jar;C:\R\io\micrometer\micrometer-observation\1.12.4\micrometer-observation-1.12.4.jar;C:\R\io\micrometer\micrometer-commons\1.12.4\micrometer-commons-1.12.4.jar;C:\R\com\google\code\findbugs\jsr305\3.0.2\jsr305-3.0.2.jar;C:\R\io\confluent\kafka-avro-serializer\7.0.1\kafka-avro-serializer-7.0.1.jar;C:\R\org\apache\avro\avro\1.10.1\avro-1.10.1.jar;C:\R\org\apache\commons\commons-compress\1.21\commons-compress-1.21.jar;C:\R\io\confluent\kafka-schema-serializer\7.0.1\kafka-schema-serializer-7.0.1.jar;C:\R\io\confluent\kafka-schema-registry-client\7.0.1\kafka-schema-registry-client-7.0.1.jar;C:\R\io\swagger\swagger-annotations\1.6.2\swagger-annotations-1.6.2.jar;C:\R\io\swagger\swagger-core\1.6.2\swagger-core-1.6.2.jar;C:\R\org\apache\commons\commons-lang3\3.13.0\commons-lang3-3.13.0.jar;C:\R\com\fasterxml\jackson\dataformat\jackson-dataformat-yaml\2.15.4\jackson-dataformat-yaml-2.15.4.jar;C:\R\io\swagger\swagger-models\1.6.2\swagger-models-1.6.2.jar;C:\R\com\google\guava\guava\30.1.1-jre\guava-30.1.1-jre.jar;C:\R\com\google\guava\failureaccess\1.0.1\failureaccess-1.0.1.jar;C:\R\com\google\guava\listenablefuture\9999.0-empty-to-avoid-conflict-with-guava\listenablefuture-9999.0-empty-to-avoid-conflict-with-guava.jar;C:\R\org\checkerframework\checker-qual\3.8.0\checker-qual-3.8.0.jar;C:\R\com\google\errorprone\error_prone_annotations\2.5.1\error_prone_annotations-2.5.1.jar;C:\R\com\google\j2objc\j2objc-annotations\1.3\j2objc-annotations-1.3.jar;C:\R\io\confluent\common-utils\7.0.1\common-utils-7.0.1.jar;C:\R\org\springframework\boot\spring-boot-starter-test\3.2.4\spring-boot-starter-test-3.2.4.jar;C:\R\org\springframework\boot\spring-boot-test\3.2.4\spring-boot-test-3.2.4.jar;C:\R\org\springframework\boot\spring-boot-test-autoconfigure\3.2.4\spring-boot-test-autoconfigure-3.2.4.jar;C:\R\com\jayway\jsonpath\json-path\2.9.0\json-path-2.9.0.jar;C:\R\jakarta\xml\bind\jakarta.xml.bind-api\4.0.2\jakarta.xml.bind-api-4.0.2.jar;C:\R\jakarta\activation\jakarta.activation-api\2.1.3\jakarta.activation-api-2.1.3.jar;C:\R\net\minidev\json-smart\2.5.0\json-smart-2.5.0.jar;C:\R\net\minidev\accessors-smart\2.5.0\accessors-smart-2.5.0.jar;C:\R\org\ow2\asm\asm\9.3\asm-9.3.jar;C:\R\org\assertj\assertj-core\3.24.2\assertj-core-3.24.2.jar;C:\R\net\bytebuddy\byte-buddy\1.14.12\byte-buddy-1.14.12.jar;C:\R\org\awaitility\awaitility\4.2.0\awaitility-4.2.0.jar;C:\R\org\hamcrest\hamcrest\2.2\hamcrest-2.2.jar;C:\R\org\junit\jupiter\junit-jupiter\5.10.2\junit-jupiter-5.10.2.jar;C:\R\org\junit\jupiter\junit-jupiter-params\5.10.2\junit-jupiter-params-5.10.2.jar;C:\R\org\junit\jupiter\junit-jupiter-engine\5.10.2\junit-jupiter-engine-5.10.2.jar;C:\R\org\mockito\mockito-core\5.7.0\mockito-core-5.7.0.jar;C:\R\net\bytebuddy\byte-buddy-agent\1.14.12\byte-buddy-agent-1.14.12.jar;C:\R\org\objenesis\objenesis\3.3\objenesis-3.3.jar;C:\R\org\mockito\mockito-junit-jupiter\5.7.0\mockito-junit-jupiter-5.7.0.jar;C:\R\org\skyscreamer\jsonassert\1.5.1\jsonassert-1.5.1.jar;C:\R\com\vaadin\external\google\android-json\0.0.20131108.vaadin1\android-json-0.0.20131108.vaadin1.jar;C:\R\org\springframework\spring-core\6.1.5\spring-core-6.1.5.jar;C:\R\org\springframework\spring-jcl\6.1.5\spring-jcl-6.1.5.jar;C:\R\org\springframework\spring-test\6.1.5\spring-test-6.1.5.jar;C:\R\org\xmlunit\xmlunit-core\2.9.1\xmlunit-core-2.9.1.jar;C:\R\org\springframework\kafka\spring-kafka-test\3.1.3\spring-kafka-test-3.1.3.jar;C:\R\org\apache\zookeeper\zookeeper\3.8.4\zookeeper-3.8.4.jar;C:\R\org\apache\zookeeper\zookeeper-jute\3.8.4\zookeeper-jute-3.8.4.jar;C:\R\org\apache\yetus\audience-annotations\0.12.0\audience-annotations-0.12.0.jar;C:\R\io\netty\netty-handler\4.1.107.Final\netty-handler-4.1.107.Final.jar;C:\R\io\netty\netty-common\4.1.107.Final\netty-common-4.1.107.Final.jar;C:\R\io\netty\netty-resolver\4.1.107.Final\netty-resolver-4.1.107.Final.jar;C:\R\io\netty\netty-buffer\4.1.107.Final\netty-buffer-4.1.107.Final.jar;C:\R\io\netty\netty-transport\4.1.107.Final\netty-transport-4.1.107.Final.jar;C:\R\io\netty\netty-transport-native-unix-common\4.1.107.Final\netty-transport-native-unix-common-4.1.107.Final.jar;C:\R\io\netty\netty-codec\4.1.107.Final\netty-codec-4.1.107.Final.jar;C:\R\io\netty\netty-transport-native-epoll\4.1.107.Final\netty-transport-native-epoll-4.1.107.Final.jar;C:\R\io\netty\netty-transport-classes-epoll\4.1.107.Final\netty-transport-classes-epoll-4.1.107.Final.jar;C:\R\ch\qos\logback\logback-core\1.4.14\logback-core-1.4.14.jar;C:\R\ch\qos\logback\logback-classic\1.4.14\logback-classic-1.4.14.jar;C:\R\commons-io\commons-io\2.11.0\commons-io-2.11.0.jar;C:\R\org\apache\kafka\kafka-clients\3.6.1\kafka-clients-3.6.1-test.jar;C:\R\org\apache\kafka\kafka-metadata\3.6.1\kafka-metadata-3.6.1.jar;C:\R\org\apache\kafka\kafka-raft\3.6.1\kafka-raft-3.6.1.jar;C:\R\com\yammer\metrics\metrics-core\2.2.0\metrics-core-2.2.0.jar;C:\R\org\apache\kafka\kafka-server-common\3.6.1\kafka-server-common-3.6.1.jar;C:\R\net\sf\jopt-simple\jopt-simple\5.0.4\jopt-simple-5.0.4.jar;C:\R\org\pcollections\pcollections\4.0.1\pcollections-4.0.1.jar;C:\R\org\apache\kafka\kafka-server-common\3.6.1\kafka-server-common-3.6.1-test.jar;C:\R\org\apache\kafka\kafka-streams-test-utils\3.6.1\kafka-streams-test-utils-3.6.1.jar;C:\R\org\apache\kafka\kafka_2.13\3.6.1\kafka_2.13-3.6.1.jar;C:\R\org\scala-lang\scala-library\2.13.11\scala-library-2.13.11.jar;C:\R\org\apache\kafka\kafka-group-coordinator\3.6.1\kafka-group-coordinator-3.6.1.jar;C:\R\org\apache\kafka\kafka-storage-api\3.6.1\kafka-storage-api-3.6.1.jar;C:\R\org\apache\kafka\kafka-tools-api\3.6.1\kafka-tools-api-3.6.1.jar;C:\R\org\apache\kafka\kafka-storage\3.6.1\kafka-storage-3.6.1.jar;C:\R\com\github\ben-manes\caffeine\caffeine\3.1.8\caffeine-3.1.8.jar;C:\R\net\sourceforge\argparse4j\argparse4j\0.7.0\argparse4j-0.7.0.jar;C:\R\commons-validator\commons-validator\1.7\commons-validator-1.7.jar;C:\R\commons-beanutils\commons-beanutils\1.9.4\commons-beanutils-1.9.4.jar;C:\R\commons-digester\commons-digester\2.1\commons-digester-2.1.jar;C:\R\commons-collections\commons-collections\3.2.2\commons-collections-3.2.2.jar;C:\R\com\fasterxml\jackson\module\jackson-module-scala_2.13\2.15.4\jackson-module-scala_2.13-2.15.4.jar;C:\R\com\thoughtworks\paranamer\paranamer\2.8\paranamer-2.8.jar;C:\R\com\fasterxml\jackson\dataformat\jackson-dataformat-csv\2.15.4\jackson-dataformat-csv-2.15.4.jar;C:\R\org\bitbucket\b_c\jose4j\0.9.3\jose4j-0.9.3.jar;C:\R\org\scala-lang\modules\scala-collection-compat_2.13\2.10.0\scala-collection-compat_2.13-2.10.0.jar;C:\R\org\scala-lang\modules\scala-java8-compat_2.13\1.0.2\scala-java8-compat_2.13-1.0.2.jar;C:\R\org\scala-lang\scala-reflect\2.13.11\scala-reflect-2.13.11.jar;C:\R\com\typesafe\scala-logging\scala-logging_2.13\3.9.4\scala-logging_2.13-3.9.4.jar;C:\R\io\dropwizard\metrics\metrics-core\4.2.25\metrics-core-4.2.25.jar;C:\R\commons-cli\commons-cli\1.4\commons-cli-1.4.jar;C:\R\org\apache\kafka\kafka_2.13\3.6.1\kafka_2.13-3.6.1-test.jar;C:\R\org\junit\jupiter\junit-jupiter-api\5.10.2\junit-jupiter-api-5.10.2.jar;C:\R\org\opentest4j\opentest4j\1.3.0\opentest4j-1.3.0.jar;C:\R\org\junit\platform\junit-platform-commons\1.10.2\junit-platform-commons-1.10.2.jar;C:\R\org\apiguardian\apiguardian-api\1.1.2\apiguardian-api-1.1.2.jar;C:\R\org\junit\platform\junit-platform-launcher\1.10.2\junit-platform-launcher-1.10.2.jar;C:\R\org\junit\platform\junit-platform-engine\1.10.2\junit-platform-engine-1.10.2.jar;C:\R\org\apache\maven\plugins\maven-wrapper-plugin\3.2.0\maven-wrapper-plugin-3.2.0.jar;C:\R\org\apache\maven\shared\maven-shared-utils\3.3.4\maven-shared-utils-3.3.4.jar;C:\R\org\codehaus\plexus\plexus-archiver\4.6.2\plexus-archiver-4.6.2.jar;C:\R\javax\inject\javax.inject\1\javax.inject-1.jar;C:\R\org\codehaus\plexus\plexus-utils\3.5.0\plexus-utils-3.5.0.jar;C:\R\org\codehaus\plexus\plexus-io\3.4.1\plexus-io-3.4.1.jar;C:\R\org\iq80\snappy\snappy\0.4\snappy-0.4.jar;C:\R\org\tukaani\xz\1.9\xz-1.9.jar;"/>
    <property name="sun.cpu.endian" value="little"/>
    <property name="user.home" value="C:\Users\devwork"/>
    <property name="user.language" value="en"/>
    <property name="java.specification.vendor" value="Oracle Corporation"/>
    <property name="java.version.date" value="2024-01-16"/>
    <property name="java.home" value="C:\Program Files\Java\jdk-17\jdk-17.0.10"/>
    <property name="file.separator" value="\"/>
    <property name="basedir" value="C:\Users\devwork\Documents\shop\kafka\kafka-java-demo"/>
    <property name="java.vm.compressedOopsMode" value="32-bit"/>
    <property name="line.separator" value="&#10;"/>
    <property name="java.vm.specification.vendor" value="Oracle Corporation"/>
    <property name="java.specification.name" value="Java Platform API Specification"/>
    <property name="FILE_LOG_CHARSET" value="windows-1252"/>
    <property name="java.awt.headless" value="true"/>
    <property name="surefire.real.class.path" value="C:\Users\devwork\AppData\Local\Temp\surefire12156844180019913279\surefirebooter-20240328010331455_3.jar"/>
    <property name="user.script" value=""/>
    <property name="sun.management.compiler" value="HotSpot 64-Bit Tiered Compilers"/>
    <property name="java.runtime.version" value="17.0.10+11-LTS-240"/>
    <property name="user.name" value="devwork"/>
    <property name="path.separator" value=";"/>
    <property name="os.version" value="10.0"/>
    <property name="java.runtime.name" value="Java(TM) SE Runtime Environment"/>
    <property name="file.encoding" value="Cp1252"/>
    <property name="java.vm.name" value="Java HotSpot(TM) 64-Bit Server VM"/>
    <property name="localRepository" value="C:\R"/>
    <property name="java.vendor.url.bug" value="https://bugreport.java.com/bugreport/"/>
    <property name="java.io.tmpdir" value="C:\Users\devwork\AppData\Local\Temp\"/>
    <property name="java.version" value="17.0.10"/>
    <property name="user.dir" value="C:\Users\devwork\Documents\shop\kafka\kafka-java-demo"/>
    <property name="os.arch" value="amd64"/>
    <property name="java.vm.specification.name" value="Java Virtual Machine Specification"/>
    <property name="PID" value="14320"/>
    <property name="sun.os.patch.level" value=""/>
    <property name="CONSOLE_LOG_CHARSET" value="windows-1252"/>
    <property name="native.encoding" value="Cp1252"/>
    <property name="java.library.path" value="C:\Program Files\Java\jdk-17\jdk-17.0.10\bin;C:\WINDOWS\Sun\Java\bin;C:\WINDOWS\system32;C:\WINDOWS;C:\Users\devwork\eksctl;C:\Program Files\Common Files\Oracle\Java\javapath;C:\Program Files (x86)\Common Files\Oracle\Java\javapath;C:\WINDOWS\system32;C:\WINDOWS;C:\WINDOWS\System32\Wbem;C:\WINDOWS\System32\WindowsPowerShell\v1.0\;C:\WINDOWS\System32\OpenSSH\;C:\Program Files\Java\jdk-17\jdk-17.0.10\bin;C:\Maven\apache-maven-3.8.6\bin;C:\Program Files\Git\cmd;C:\Program Files\dotnet\;C:\Program Files\Amazon\AWSCLIV2\;C:\Program Files\terraform;C:\Users\devwork\AppData\Local\Microsoft\WindowsApps;C:\Program Files\nodejs\;C:\ProgramData\chocolatey\bin;C:\Program Files\PuTTY\;C:\ProgramData\chocolatey\bin;C:\minikube;C:\Program Files\gradle-7.6.4\bin;;C:\Program Files\Docker\Docker\resources\bin;C:\Users\devwork\eksctl;C:\Program Files\Common Files\Oracle\Java\javapath;C:\Program Files (x86)\Common Files\Oracle\Java\javapath;C:\WINDOWS\system32;C:\WINDOWS;C:\WINDOWS\System32\Wbem;C:\WINDOWS\System32\WindowsPowerShell\v1.0\;C:\WINDOWS\System32\OpenSSH\;C:\Program Files\Java\jdk-17\jdk-17.0.10\bin;C:\Maven\apache-maven-3.8.6\bin;C:\Program Files\Git\cmd;C:\Program Files\dotnet\;C:\Program Files\Amazon\AWSCLIV2\;C:\Program Files\terraform;C:\Users\devwork\AppData\Local\Microsoft\WindowsApps;C:\Program Files\nodejs\;C:\ProgramData\chocolatey\bin;C:\Program Files\PuTTY\;C:\ProgramData\chocolatey\bin;C:\minikube;C:\Program Files\gradle-7.6.4\bin;;C:\Program Files\Docker\Docker\resources\bin;C:\Program Files\nodejs;C:\Users\devwork\AppData\Local\Programs\Microsoft VS Code\bin;C:\Users\devwork\AppData\Local\GitHubDesktop\bin;."/>
    <property name="java.vm.info" value="mixed mode, sharing"/>
    <property name="java.vendor" value="Oracle Corporation"/>
    <property name="java.vm.version" value="17.0.10+11-LTS-240"/>
    <property name="sun.io.unicode.encoding" value="UnicodeLittle"/>
    <property name="java.class.version" value="61.0"/>
    <property name="LOGGED_APPLICATION_NAME" value="[Kafka] "/>
  </properties>
  <testcase name="contextLoads" classname="com.Kafka.Kafka.KafkaApplicationTests" time="1.964">
    <system-out><![CDATA[01:03:33.276 [main] INFO org.springframework.test.context.support.AnnotationConfigContextLoaderUtils -- Could not detect default configuration classes for test class [com.Kafka.Kafka.KafkaApplicationTests]: KafkaApplicationTests does not declare any static, non-private, non-final, nested classes annotated with @Configuration.
01:03:33.617 [main] INFO org.springframework.boot.test.context.SpringBootTestContextBootstrapper -- Found @SpringBootConfiguration com.Kafka.Kafka.KafkaApplication for test class com.Kafka.Kafka.KafkaApplicationTests

  .   ____          _            __ _ _
 /\\ / ___'_ __ _ _(_)_ __  __ _ \ \ \ \
( ( )\___ | '_ | '_| | '_ \/ _` | \ \ \ \
 \\/  ___)| |_)| | | | | || (_| |  ) ) ) )
  '  |____| .__|_| |_|_| |_\__, | / / / /
 =========|_|==============|___/=/_/_/_/
 :: Spring Boot ::                (v3.2.4)

2024-03-28T01:03:35.477+02:00  INFO 14320 --- [Kafka] [           main] com.Kafka.Kafka.KafkaApplicationTests    : Starting KafkaApplicationTests using Java 17.0.10 with PID 14320 (started by devwork in C:\Users\devwork\Documents\shop\kafka\kafka-java-demo)
2024-03-28T01:03:35.483+02:00  INFO 14320 --- [Kafka] [           main] com.Kafka.Kafka.KafkaApplicationTests    : No active profile set, falling back to 1 default profile: "default"
2024-03-28T01:03:39.590+02:00  INFO 14320 --- [Kafka] [           main] com.Kafka.Kafka.KafkaApplicationTests    : Started KafkaApplicationTests in 5.254 seconds (process running for 7.87)
]]></system-out>
  </testcase>
</testsuite>